<?xml version="1.0" encoding="UTF-8"?>
<!-- Generated by org.testng.reporters.JUnitReportReporter -->
<testsuite skipped="0" hostname="Santosh-PC" name="com.inetbanking.testCases.TC_LoginTest_001" tests="1" failures="0" timestamp="01 Sep 2020 12:54:23 GMT" time="4.269" errors="0">
  <testcase name="loginTest" time="4.269" classname="com.inetbanking.testCases.TC_LoginTest_001"/>
</testsuite> <!-- com.inetbanking.testCases.TC_LoginTest_001 -->
